Action triggered at Tue Apr 21 21:07:18 UTC 2026
Action triggered at Tue Apr 21 22:01:07 UTC 2026
Action triggered at Tue Apr 21 23:00:32 UTC 2026
Action triggered at Tue Apr 21 23:52:57 UTC 2026
Action triggered at Wed Apr 22 03:43:51 UTC 2026
Action triggered at Wed Apr 22 06:12:19 UTC 2026
Action triggered at Wed Apr 22 08:07:39 UTC 2026
Action triggered at Wed Apr 22 09:54:07 UTC 2026
Action triggered at Wed Apr 22 11:33:18 UTC 2026
Action triggered at Wed Apr 22 14:11:11 UTC 2026
Action triggered at Wed Apr 22 15:42:23 UTC 2026
Action triggered at Wed Apr 22 17:16:20 UTC 2026
Action triggered at Wed Apr 22 18:15:59 UTC 2026
Action triggered at Wed Apr 22 19:43:06 UTC 2026
Action triggered at Wed Apr 22 21:11:02 UTC 2026
Action triggered at Wed Apr 22 22:06:49 UTC 2026
Action triggered at Wed Apr 22 23:08:13 UTC 2026
Action triggered at Thu Apr 23 00:04:09 UTC 2026
Action triggered at Thu Apr 23 03:48:45 UTC 2026
Action triggered at Thu Apr 23 06:17:57 UTC 2026
Action triggered at Thu Apr 23 09:04:39 UTC 2026
Action triggered at Thu Apr 23 10:49:01 UTC 2026
Action triggered at Thu Apr 23 12:09:52 UTC 2026
Action triggered at Thu Apr 23 14:13:45 UTC 2026
Action triggered at Thu Apr 23 16:11:27 UTC 2026
Action triggered at Thu Apr 23 17:48:06 UTC 2026
Action triggered at Thu Apr 23 19:42:33 UTC 2026
Action triggered at Thu Apr 23 21:09:10 UTC 2026
Action triggered at Thu Apr 23 22:03:36 UTC 2026
Action triggered at Thu Apr 23 23:08:29 UTC 2026
Action triggered at Fri Apr 24 00:04:12 UTC 2026
Action triggered at Fri Apr 24 03:52:52 UTC 2026
Action triggered at Fri Apr 24 06:21:10 UTC 2026
Action triggered at Fri Apr 24 09:12:18 UTC 2026
Action triggered at Fri Apr 24 10:46:13 UTC 2026
Action triggered at Fri Apr 24 12:07:45 UTC 2026
Action triggered at Fri Apr 24 14:09:26 UTC 2026
Action triggered at Fri Apr 24 15:39:42 UTC 2026
Action triggered at Fri Apr 24 17:14:35 UTC 2026
Action triggered at Fri Apr 24 18:02:29 UTC 2026
Action triggered at Fri Apr 24 19:14:02 UTC 2026
Action triggered at Fri Apr 24 20:03:29 UTC 2026
Action triggered at Fri Apr 24 21:07:49 UTC 2026
Action triggered at Fri Apr 24 22:03:58 UTC 2026
Action triggered at Fri Apr 24 23:00:31 UTC 2026
Action triggered at Fri Apr 24 23:56:54 UTC 2026
Action triggered at Sat Apr 25 03:33:31 UTC 2026
Action triggered at Sat Apr 25 05:59:45 UTC 2026
Action triggered at Sat Apr 25 07:46:35 UTC 2026
Action triggered at Sat Apr 25 09:12:05 UTC 2026
Action triggered at Sat Apr 25 10:07:31 UTC 2026
Action triggered at Sat Apr 25 11:05:48 UTC 2026
Action triggered at Sat Apr 25 11:56:15 UTC 2026
Action triggered at Sat Apr 25 13:39:50 UTC 2026
Action triggered at Sat Apr 25 15:02:35 UTC 2026
Action triggered at Sat Apr 25 15:57:40 UTC 2026
Action triggered at Sat Apr 25 17:02:28 UTC 2026
Action triggered at Sat Apr 25 17:57:51 UTC 2026
Action triggered at Sat Apr 25 19:12:51 UTC 2026
Action triggered at Sat Apr 25 19:56:19 UTC 2026
Action triggered at Sat Apr 25 20:58:35 UTC 2026
Action triggered at Sat Apr 25 21:54:18 UTC 2026
Action triggered at Sat Apr 25 22:57:46 UTC 2026
Action triggered at Sat Apr 25 23:56:20 UTC 2026
Action triggered at Sun Apr 26 03:57:19 UTC 2026
Action triggered at Sun Apr 26 06:20:14 UTC 2026
Action triggered at Sun Apr 26 08:39:10 UTC 2026
Action triggered at Sun Apr 26 10:08:25 UTC 2026
